Copyright 1986-2020 Xilinx, Inc. All Rights Reserved.
------------------------------------------------------------------------------------
| Tool Version : Vivado v.2020.2 (lin64) Build 3064766 Wed Nov 18 09:12:47 MST 2020
| Date         : Fri Jan  2 15:21:04 2026
| Host         : dragos-Lenovo-Legion-5-17ARH05H running 64-bit Ubuntu 20.04.6 LTS
| Command      : upgrade_ip
| Device       : xczu3eg-sbva484-1-e
------------------------------------------------------------------------------------

Upgrade Log for IP 'design_1_lane_linear_ip_0_1'

1. Summary
----------

SUCCESS in the conversion of design_1_lane_linear_ip_0_1 (user.org:user:lane_linear_ip:1.0 (Rev. 5)) to Vivado generation flows.






Copyright 1986-2020 Xilinx, Inc. All Rights Reserved.
------------------------------------------------------------------------------------
| Tool Version : Vivado v.2020.2 (lin64) Build 3064766 Wed Nov 18 09:12:47 MST 2020
| Date         : Fri Jan  2 08:44:13 2026
| Host         : dragos-Lenovo-Legion-5-17ARH05H running 64-bit Ubuntu 20.04.6 LTS
| Command      : upgrade_ip
| Device       : xczu3eg-sbva484-1-e
------------------------------------------------------------------------------------

Upgrade Log for IP 'design_1_lane_linear_ip_0_1'

1. Summary
----------

SUCCESS in the upgrade of design_1_lane_linear_ip_0_1 (user.org:user:lane_linear_ip:1.0) from (Rev. 4) to (Rev. 5)






Copyright 1986-2020 Xilinx, Inc. All Rights Reserved.
------------------------------------------------------------------------------------
| Tool Version : Vivado v.2020.2 (lin64) Build 3064766 Wed Nov 18 09:12:47 MST 2020
| Date         : Fri Jan  2 07:50:15 2026
| Host         : dragos-Lenovo-Legion-5-17ARH05H running 64-bit Ubuntu 20.04.6 LTS
| Command      : upgrade_ip
| Device       : xczu3eg-sbva484-1-e
------------------------------------------------------------------------------------

Upgrade Log for IP 'design_1_lane_linear_ip_0_1'

1. Summary
----------

CAUTION (success, with warnings) in the upgrade of design_1_lane_linear_ip_0_1 (user.org:user:lane_linear_ip:1.0) from (Rev. 1) to (Rev. 4)

After upgrade, an IP may have parameter and port differences compared to the original customization. Please review the parameters within the IP customization GUI to ensure proper functionality. Also, please review the updated IP instantiation template to ensure proper connectivity, and update your design if required.

2. Connection Warnings
----------------------

Detected external port differences while upgrading 'design_1_lane_linear_ip_0_1'. These changes may impact your design.


-Upgraded port order differs after port 's00_axi_aclk'


